[debug] [2022-05-09T04:04:01.148Z] ----------------------------------------------------------------------
[debug] [2022-05-09T04:04:01.149Z] Command:       /home/josea/.nvm/versions/node/v16.14.2/bin/node /home/josea/.nvm/versions/node/v16.14.2/bin/firebase init
[debug] [2022-05-09T04:04:01.149Z] CLI Version:   10.8.0
[debug] [2022-05-09T04:04:01.149Z] Platform:      linux
[debug] [2022-05-09T04:04:01.149Z] Node Version:  v16.14.2
[debug] [2022-05-09T04:04:01.150Z] Time:          Sun May 08 2022 23:04:01 GMT-0500 (Central Daylight Time)
[debug] [2022-05-09T04:04:01.150Z] ----------------------------------------------------------------------
[debug] 
[debug] [2022-05-09T04:04:01.153Z] > command requires scopes: ["email","openid","https://www.googleapis.com/auth/cloudplatformprojects.readonly","https://www.googleapis.com/auth/firebase","https://www.googleapis.com/auth/cloud-platform"]
[debug] [2022-05-09T04:04:01.153Z] > authorizing via signed-in user (josealvarado1337@gmail.com)
[info] 
     ######## #### ########  ######## ########     ###     ######  ########
     ##        ##  ##     ## ##       ##     ##  ##   ##  ##       ##
     ######    ##  ########  ######   ########  #########  ######  ######
     ##        ##  ##    ##  ##       ##     ## ##     ##       ## ##
     ##       #### ##     ## ######## ########  ##     ##  ######  ########

You're about to initialize a Firebase project in this directory:

  /home/josea/web-dev/firebasics

[info] 
=== Project Setup
[info] 
[info] First, let's associate this project directory with a Firebase project.
[info] You can create multiple project aliases by running firebase use --add, 
[info] but for now we'll just set up a default project.
[info] 
[debug] [2022-05-09T04:05:30.430Z] >>> [apiv2][query] GET https://firebase.googleapis.com/v1beta1/projects pageSize=100
[debug] [2022-05-09T04:05:30.687Z] <<< [apiv2][status] GET https://firebase.googleapis.com/v1beta1/projects 200
[debug] [2022-05-09T04:05:30.687Z] <<< [apiv2][body] GET https://firebase.googleapis.com/v1beta1/projects [omitted]
[info] i  Using project firebasics-349703 (firebasics) 
[info] 
=== Hosting Setup
[info] 
[info] Your public directory is the folder (relative to your project directory) that
[info] will contain Hosting assets to be uploaded with firebase deploy. If you
[info] have a build process for your assets, use your build's output directory.
[info] 
[debug] [2022-05-09T04:06:04.151Z] >>> [apiv2][query] GET https://www.gstatic.com/firebasejs/releases.json [none]
[debug] [2022-05-09T04:06:04.234Z] <<< [apiv2][status] GET https://www.gstatic.com/firebasejs/releases.json 200
[debug] [2022-05-09T04:06:04.234Z] <<< [apiv2][body] GET https://www.gstatic.com/firebasejs/releases.json {"current":{"version":"9.8.0","browserURL":"https://www.gstatic.com/firebasejs/9.8.0/firebase.js","packageURL":"https://www.gstatic.com/firebasejs/9.8.0/firebase.tgz"},"live":{"version":"9.8","browserURL":"https://www.gstatic.com/firebasejs/live/9.8/firebase.js","packageURL":"https://www.gstatic.com/firebasejs/live/9.8/firebase.tgz"},"components":{"analytics":"https://www.gstatic.com/firebasejs/9.8.0/firebase-analytics.js","app":"https://www.gstatic.com/firebasejs/9.8.0/firebase-app.js","app-check":"https://www.gstatic.com/firebasejs/9.8.0/firebase-app-check.js","auth":"https://www.gstatic.com/firebasejs/9.8.0/firebase-auth.js","auth/cordova":"https://www.gstatic.com/firebasejs/9.8.0/firebase-auth/cordova.js","auth/react-native":"https://www.gstatic.com/firebasejs/9.8.0/firebase-auth/react-native.js","functions":"https://www.gstatic.com/firebasejs/9.8.0/firebase-functions.js","firestore":"https://www.gstatic.com/firebasejs/9.8.0/firebase-firestore.js","firestore/lite":"https://www.gstatic.com/firebasejs/9.8.0/firebase-firestore/lite.js","storage":"https://www.gstatic.com/firebasejs/9.8.0/firebase-storage.js","performance":"https://www.gstatic.com/firebasejs/9.8.0/firebase-performance.js","remote-config":"https://www.gstatic.com/firebasejs/9.8.0/firebase-remote-config.js","messaging":"https://www.gstatic.com/firebasejs/9.8.0/firebase-messaging.js","messaging/sw":"https://www.gstatic.com/firebasejs/9.8.0/firebase-messaging/sw.js","database":"https://www.gstatic.com/firebasejs/9.8.0/firebase-database.js","firestore.memory":"https://www.gstatic.com/firebasejs/9.8.0/firebase-firestore.memory.js"}}
[info] i  Skipping write of public/index.html 
[info] 
[info] i  Didn't detect a .git folder. Assuming /home/josea/web-dev/firebasics is the project root. 
[info] i  Authorizing with GitHub to upload your service account to a GitHub repository's secrets store. 
[info] 
[info] Visit this URL on this device to log in:
[info] https://github.com/login/oauth/authorize?client_id=89cf50f02ac6aaed3484&state=901057095&redirect_uri=http%3A%2F%2Flocalhost%3A9005&scope=read%3Auser%20repo%20public_repo
[info] 
[info] Waiting for authentication...
[debug] [2022-05-09T04:06:17.962Z] >>> HTTP REQUEST POST https://github.com/login/oauth/access_token  
 {"client_id":"89cf50f02ac6aaed3484","client_secret":"3330d14abc895d9a74d5f17cd7a00711fa2c5bf0","code":"7e20aece728b2ad52f35","redirect_uri":"http://localhost:9005","state":"901057095"}
[debug] [2022-05-09T04:06:18.313Z] <<< HTTP RESPONSE 200 {"server":"GitHub.com","date":"Mon, 09 May 2022 04:06:05 GMT","content-type":"application/json; charset=utf-8","transfer-encoding":"chunked","vary":"X-PJAX, X-PJAX-Container, Accept-Encoding, Accept, X-Requested-With","permissions-policy":"interest-cohort=()","etag":"W/\"fd62f666763bc22137f9d73abecab8d0\"","cache-control":"max-age=0, private, must-revalidate","strict-transport-security":"max-age=31536000; includeSubdomains; preload","x-frame-options":"deny","x-content-type-options":"nosniff","x-xss-protection":"0","referrer-policy":"origin-when-cross-origin, strict-origin-when-cross-origin","expect-ct":"max-age=2592000, report-uri=\"https://api.github.com/_private/browser/errors\"","content-security-policy":"default-src 'none'; base-uri 'self'; block-all-mixed-content; child-src github.com/assets-cdn/worker/ gist.github.com/assets-cdn/worker/; connect-src 'self' uploads.github.com objects-origin.githubusercontent.com www.githubstatus.com collector.github.com raw.githubusercontent.com api.github.com github-cloud.s3.amazonaws.com github-production-repository-file-5c1aeb.s3.amazonaws.com github-production-upload-manifest-file-7fdce7.s3.amazonaws.com github-production-user-asset-6210df.s3.amazonaws.com cdn.optimizely.com logx.optimizely.com/v1/events translator.github.com *.actions.githubusercontent.com wss://*.actions.githubusercontent.com online.visualstudio.com/api/v1/locations github-production-repository-image-32fea6.s3.amazonaws.com github-production-release-asset-2e65be.s3.amazonaws.com insights.github.com wss://alive.github.com; font-src github.githubassets.com; form-action 'self' github.com gist.github.com objects-origin.githubusercontent.com; frame-ancestors 'none'; frame-src render.githubusercontent.com viewscreen.githubusercontent.com notebooks.githubusercontent.com; img-src 'self' data: github.githubassets.com identicons.github.com github-cloud.s3.amazonaws.com secured-user-images.githubusercontent.com/ *.githubusercontent.com; manifest-src 'self'; media-src github.com user-images.githubusercontent.com/; script-src github.githubassets.com; style-src 'unsafe-inline' github.githubassets.com; worker-src github.com/assets-cdn/worker/ gist.github.com/assets-cdn/worker/","x-github-request-id":"BD8C:3209:15BA5D:21C026:6278932D"}
[debug] [2022-05-09T04:06:18.318Z] >>> [apiv2][query] GET https://api.github.com/user [none]
[debug] [2022-05-09T04:06:18.734Z] <<< [apiv2][status] GET https://api.github.com/user 200
[debug] [2022-05-09T04:06:18.734Z] <<< [apiv2][body] GET https://api.github.com/user {"login":"jalvaradoWD","id":66565290,"node_id":"MDQ6VXNlcjY2NTY1Mjkw","avatar_url":"https://avatars.githubusercontent.com/u/66565290?v=4","gravatar_id":"","url":"https://api.github.com/users/jalvaradoWD","html_url":"https://github.com/jalvaradoWD","followers_url":"https://api.github.com/users/jalvaradoWD/followers","following_url":"https://api.github.com/users/jalvaradoWD/following{/other_user}","gists_url":"https://api.github.com/users/jalvaradoWD/gists{/gist_id}","starred_url":"https://api.github.com/users/jalvaradoWD/starred{/owner}{/repo}","subscriptions_url":"https://api.github.com/users/jalvaradoWD/subscriptions","organizations_url":"https://api.github.com/users/jalvaradoWD/orgs","repos_url":"https://api.github.com/users/jalvaradoWD/repos","events_url":"https://api.github.com/users/jalvaradoWD/events{/privacy}","received_events_url":"https://api.github.com/users/jalvaradoWD/received_events","type":"User","site_admin":false,"name":"Jose Alvarado","company":null,"blog":"","location":null,"email":null,"hireable":null,"bio":null,"twitter_username":null,"public_repos":74,"public_gists":0,"followers":2,"following":0,"created_at":"2020-06-07T16:29:50Z","updated_at":"2022-03-14T18:24:16Z","private_gists":0,"total_private_repos":15,"owned_private_repos":15,"disk_usage":23564,"collaborators":8,"two_factor_authentication":false,"plan":{"name":"pro","space":976562499,"collaborators":0,"private_repos":9999}}
[info] 
[info] ✔  Success! Logged into GitHub as jalvaradoWD 
[info] 
